JvmtiExport can_access_local_variables 0
JvmtiExport can_hotswap_or_post_breakpoint 0
JvmtiExport can_post_on_exceptions 0
# 253 ciObject found
instanceKlass android/databinding/tool/reflection/SdkUtil$ApiChecker
instanceKlass android/databinding/tool/reflection/SdkUtil
instanceKlass android/databinding/InverseMethod
instanceKlass android/databinding/InverseBindingMethods
instanceKlass android/databinding/InverseBindingAdapter
instanceKlass android/databinding/Untaggable
instanceKlass android/databinding/BindingConversion
instanceKlass android/databinding/BindingMethods
instanceKlass android/databinding/annotationprocessor/AnnotationUtil
instanceKlass android/databinding/BindingAdapter
instanceKlass android/databinding/tool/store/SetterStore$1
instanceKlass android/databinding/tool/store/SetterStore$MultiValueAdapterKey
instanceKlass android/databinding/tool/store/SetterStore$MethodDescription
instanceKlass android/databinding/tool/store/SetterStore$AccessorKey
instanceKlass android/databinding/tool/store/ResourceBundle
instanceKlass android/databinding/annotationprocessor/ProcessExpressions$IntermediateV1
instanceKlass android/databinding/annotationprocessor/ProcessExpressions$Intermediate
instanceKlass org/apache/commons/io/IOUtils
instanceKlass android/databinding/annotationprocessor/ProcessBindable$IntermediateV1
instanceKlass org/apache/commons/io/filefilter/ConditionalFileFilter
instanceKlass org/apache/commons/io/FilenameUtils
instanceKlass org/apache/commons/io/IOCase
instanceKlass org/apache/commons/io/filefilter/FileFilterUtils
instanceKlass org/apache/commons/io/filefilter/AbstractFileFilter
instanceKlass org/apache/commons/io/FileUtils
instanceKlass org/apache/commons/io/filefilter/TrueFileFilter
instanceKlass org/apache/commons/io/filefilter/IOFileFilter
instanceKlass android/databinding/tool/util/GenerationalClassUtil$$Lambda$406
instanceKlass android/databinding/tool/store/SetterStore$IntermediateV1
instanceKlass android/databinding/tool/store/SetterStore$Intermediate
instanceKlass android/databinding/tool/store/SetterStore$BindingGetterCall
instanceKlass android/databinding/tool/store/SetterStore$SetterCall
instanceKlass android/databinding/tool/store/SetterStore$BindingSetterCall
instanceKlass android/databinding/tool/store/SetterStore
instanceKlass android/databinding/tool/util/Preconditions
instanceKlass android/databinding/annotationprocessor/ProcessDataBinding$1
instanceKlass android/databinding/annotationprocessor/ProcessBindable$Intermediate
instanceKlass android/databinding/annotationprocessor/ProcessDataBinding$ProcessingStep
instanceKlass android/databinding/tool/CompilerChef$BindableHolder
instanceKlass android/databinding/tool/reflection/annotation/AnnotationAnalyzer$1
instanceKlass android/databinding/tool/reflection/TypeUtil
instanceKlass android/databinding/tool/reflection/ModelClass
instanceKlass android/databinding/tool/reflection/ModelAnalyzer
instanceKlass android/databinding/tool/util/StringUtils
instanceKlass android/databinding/tool/util/GenerationalClassUtil
instanceKlass android/databinding/tool/util/L$$Lambda$405
instanceKlass android/databinding/tool/util/L$Client
instanceKlass android/databinding/tool/util/L
instanceKlass com/google/common/base/Joiner$MapJoiner
instanceKlass com/google/common/base/Preconditions
instanceKlass com/google/common/base/Joiner
instanceKlass com/google/common/collect/Multiset
instanceKlass com/google/common/collect/Collections2
instanceKlass com/google/common/base/Converter
instanceKlass com/google/common/collect/SortedMapDifference
instanceKlass com/google/common/collect/MapDifference
instanceKlass com/google/common/collect/ImmutableMap
instanceKlass com/google/common/collect/UnmodifiableIterator
instanceKlass com/google/common/collect/Maps$EntryTransformer
instanceKlass com/google/common/collect/BiMap
instanceKlass com/google/common/base/Function
instanceKlass com/google/common/collect/Maps
instanceKlass com/google/common/collect/Sets
instanceKlass android/databinding/tool/DataBindingCompilerArgs
instanceKlass android/databinding/tool/writer/JavaFileWriter
instanceKlass android/databinding/annotationprocessor/ProcessDataBinding$Callback
instanceKlass org/gradle/api/internal/artifacts/repositories/resolver/MavenResolver$1
instanceKlass org/gradle/model/internal/registry/RuleBindings$1
instanceKlass android/databinding/tool/processing/Scope
instanceKlass android/databinding/tool/writer/BindingMapperWriter
instanceKlass kotlin/collections/EmptyIterator
instanceKlass kotlin/collections/IndexingIterator
instanceKlass kotlin/UNINITIALIZED_VALUE
instanceKlass kotlin/SynchronizedLazyImpl
instanceKlass kotlin/Lazy
instanceKlass kotlin/LazyKt
instanceKlass kotlin/collections/IndexingIterable
instanceKlass kotlin/collections/EmptyList
instanceKlass kotlin/jvm/internal/ClassReference
instanceKlass kotlin/jvm/internal/ClassBasedDeclarationContainer
instanceKlass kotlin/reflect/KClass
instanceKlass kotlin/reflect/KMutableProperty2
instanceKlass kotlin/reflect/KProperty2
instanceKlass kotlin/reflect/KMutableProperty1
instanceKlass kotlin/reflect/KMutableProperty0
instanceKlass kotlin/reflect/KMutableProperty
instanceKlass kotlin/reflect/KProperty0
instanceKlass kotlin/jvm/internal/ReflectionFactory
instanceKlass kotlin/jvm/internal/Reflection
instanceKlass kotlin/reflect/KProperty$Getter
instanceKlass kotlin/reflect/KFunction
instanceKlass kotlin/reflect/KProperty$Accessor
instanceKlass kotlin/jvm/internal/CallableReference
instanceKlass kotlin/reflect/KProperty1
instanceKlass kotlin/reflect/KProperty
instanceKlass kotlin/reflect/KCallable
instanceKlass kotlin/reflect/KAnnotatedElement
instanceKlass kotlin/reflect/KDeclarationContainer
instanceKlass android/databinding/tool/writer/BRWriter
instanceKlass android/databinding/annotationprocessor/ProcessBindable$$Lambda$404
instanceKlass android/databinding/annotationprocessor/ProcessBindable$$Lambda$403
instanceKlass kotlin/collections/IntIterator
instanceKlass kotlin/internal/ProgressionUtilKt
instanceKlass kotlin/ranges/IntRange$Companion
instanceKlass kotlin/ranges/IntProgression$Companion
instanceKlass kotlin/ranges/IntProgression
instanceKlass kotlin/jvm/internal/markers/KMappedMarker
instanceKlass kotlin/ranges/ClosedRange
instanceKlass kotlin/jvm/internal/Ref$BooleanRef
instanceKlass android/databinding/tool/writer/KCode$Appendix
instanceKlass kotlin/Unit
instanceKlass kotlin/text/CharsKt__CharJVMKt
instanceKlass kotlin/text/StringsKt__IndentKt
instanceKlass kotlin/jvm/internal/Intrinsics
instanceKlass kotlin/collections/CollectionsKt__CollectionsKt
instanceKlass android/databinding/tool/writer/KCode$Companion
instanceKlass android/databinding/tool/writer/KCode
instanceKlass android/databinding/tool/writer/KCodeKt
instanceKlass kotlin/jvm/internal/FunctionImpl
instanceKlass kotlin/jvm/functions/Function22
instanceKlass kotlin/jvm/functions/Function21
instanceKlass kotlin/jvm/functions/Function20
instanceKlass kotlin/jvm/functions/Function19
instanceKlass kotlin/jvm/functions/Function18
instanceKlass kotlin/jvm/functions/Function17
instanceKlass kotlin/jvm/functions/Function16
instanceKlass kotlin/jvm/functions/Function15
instanceKlass kotlin/jvm/functions/Function14
instanceKlass kotlin/jvm/functions/Function13
instanceKlass kotlin/jvm/functions/Function12
instanceKlass kotlin/jvm/functions/Function11
instanceKlass kotlin/jvm/functions/Function10
instanceKlass kotlin/jvm/functions/Function9
instanceKlass kotlin/jvm/functions/Function8
instanceKlass kotlin/jvm/functions/Function7
instanceKlass kotlin/jvm/functions/Function6
instanceKlass kotlin/jvm/functions/Function5
instanceKlass kotlin/jvm/functions/Function4
instanceKlass kotlin/jvm/functions/Function3
instanceKlass kotlin/jvm/functions/Function2
instanceKlass kotlin/jvm/functions/Function0
instanceKlass kotlin/jvm/functions/Function1
instanceKlass kotlin/Function
instanceKlass android/databinding/tool/reflection/Callable
instanceKlass android/databinding/Bindable
instanceKlass android/databinding/tool/reflection/ModelField
instanceKlass com/google/common/base/Strings
instanceKlass android/databinding/tool/writer/DynamicUtilWriter
instanceKlass android/databinding/tool/writer/ComponentWriter
instanceKlass android/databinding/tool/DataBinder
instanceKlass android/databinding/tool/reflection/ModelMethod
instanceKlass com/google/common/collect/Iterators$2
instanceKlass com/google/common/collect/PeekingIterator
instanceKlass com/google/common/collect/Iterators
instanceKlass com/google/common/collect/Hashing
instanceKlass com/google/common/collect/Platform
instanceKlass com/google/common/collect/ObjectArrays
instanceKlass com/google/common/collect/ImmutableCollection$Builder
instanceKlass com/google/common/collect/CollectPreconditions
instanceKlass com/google/common/collect/AbstractMapEntry
instanceKlass com/google/common/collect/ImmutableMap$Builder
instanceKlass android/databinding/tool/CompilerChef
instanceKlass android/databinding/annotationprocessor/ProcessExpressions$2
instanceKlass android/databinding/annotationprocessor/ProcessExpressions$1
instanceKlass android/databinding/tool/processing/scopes/ScopeProvider
instanceKlass android/databinding/tool/store/ResourceBundle$ValidateAndFilterCallback
instanceKlass android/databinding/tool/reflection/SdkUtil$ApiChecker
instanceKlass android/databinding/tool/reflection/SdkUtil
instanceKlass android/databinding/InverseMethod
instanceKlass android/databinding/InverseBindingMethods
instanceKlass android/databinding/InverseBindingAdapter
instanceKlass android/databinding/Untaggable
instanceKlass android/databinding/BindingConversion
instanceKlass android/databinding/BindingMethods
instanceKlass android/databinding/annotationprocessor/AnnotationUtil
instanceKlass android/databinding/BindingAdapter
instanceKlass android/databinding/tool/store/SetterStore$1
instanceKlass android/databinding/tool/store/SetterStore$MultiValueAdapterKey
instanceKlass android/databinding/tool/store/SetterStore$MethodDescription
instanceKlass android/databinding/tool/store/SetterStore$AccessorKey
instanceKlass android/databinding/tool/store/ResourceBundle
instanceKlass android/databinding/annotationprocessor/ProcessExpressions$IntermediateV1
instanceKlass android/databinding/annotationprocessor/ProcessExpressions$Intermediate
instanceKlass org/apache/commons/io/IOUtils
instanceKlass android/databinding/annotationprocessor/ProcessBindable$IntermediateV1
instanceKlass org/apache/commons/io/filefilter/ConditionalFileFilter
instanceKlass org/apache/commons/io/FilenameUtils
instanceKlass org/apache/commons/io/IOCase
instanceKlass org/apache/commons/io/filefilter/FileFilterUtils
instanceKlass org/apache/commons/io/filefilter/AbstractFileFilter
instanceKlass org/apache/commons/io/FileUtils
instanceKlass org/apache/commons/io/filefilter/TrueFileFilter
instanceKlass org/apache/commons/io/filefilter/IOFileFilter
instanceKlass android/databinding/tool/util/GenerationalClassUtil$$Lambda$402
instanceKlass android/databinding/tool/store/SetterStore$IntermediateV1
instanceKlass android/databinding/tool/store/SetterStore$Intermediate
instanceKlass android/databinding/tool/store/SetterStore$BindingGetterCall
instanceKlass android/databinding/tool/store/SetterStore$SetterCall
instanceKlass android/databinding/tool/store/SetterStore$BindingSetterCall
instanceKlass android/databinding/tool/store/SetterStore
instanceKlass android/databinding/tool/util/Preconditions
instanceKlass android/databinding/annotationprocessor/ProcessDataBinding$1
instanceKlass android/databinding/annotationprocessor/ProcessBindable$Intermediate
instanceKlass android/databinding/annotationprocessor/ProcessDataBinding$ProcessingStep
instanceKlass android/databinding/tool/CompilerChef$BindableHolder
instanceKlass android/databinding/tool/reflection/annotation/AnnotationAnalyzer$1
instanceKlass android/databinding/tool/reflection/TypeUtil
instanceKlass android/databinding/tool/reflection/ModelClass
instanceKlass android/databinding/tool/reflection/ModelAnalyzer
instanceKlass android/databinding/tool/util/StringUtils
instanceKlass android/databinding/tool/util/GenerationalClassUtil
instanceKlass android/databinding/tool/util/L$$Lambda$401
instanceKlass android/databinding/tool/util/L$Client
instanceKlass android/databinding/tool/util/L
instanceKlass com/google/common/base/Joiner$MapJoiner
instanceKlass com/google/common/base/Preconditions
instanceKlass com/google/common/base/Joiner
instanceKlass com/google/common/collect/Multiset
instanceKlass com/google/common/collect/Collections2
instanceKlass com/google/common/base/Converter
instanceKlass com/google/common/collect/SortedMapDifference
instanceKlass com/google/common/collect/MapDifference
instanceKlass com/google/common/collect/ImmutableMap
instanceKlass com/google/common/collect/UnmodifiableIterator
instanceKlass com/google/common/collect/Maps$EntryTransformer
instanceKlass com/google/common/collect/BiMap
instanceKlass com/google/common/base/Function
instanceKlass com/google/common/collect/Maps
instanceKlass com/google/common/collect/Sets
instanceKlass android/databinding/tool/DataBindingCompilerArgs
instanceKlass android/databinding/tool/writer/JavaFileWriter
instanceKlass android/databinding/annotationprocessor/ProcessDataBinding$Callback
instanceKlass com/android/dx/cf/iface/ParseObserver
instanceKlass org/gradle/internal/typeconversion/NotationConverterToNotationParserAdapter$1
instanceKlass android/databinding/tool/processing/Scope
instanceKlass android/databinding/tool/writer/BindingMapperWriter
instanceKlass kotlin/collections/EmptyIterator
instanceKlass kotlin/collections/IndexingIterator
instanceKlass kotlin/UNINITIALIZED_VALUE
instanceKlass kotlin/SynchronizedLazyImpl
instanceKlass kotlin/Lazy
instanceKlass kotlin/LazyKt
instanceKlass kotlin/collections/IndexingIterable
instanceKlass kotlin/collections/EmptyList
instanceKlass kotlin/jvm/internal/ClassReference
instanceKlass kotlin/jvm/internal/ClassBasedDeclarationContainer
